#
# A fatal error has been detected by the Java Runtime Environment:
#
#  SIGSEGV (0xb) at pc=0x000000011a1113fd, pid=14669, tid=1811
#
# JRE version: Java(TM) SE Runtime Environment (8.0_25-b17) (build 1.8.0_25-b17)
# Java VM: Java HotSpot(TM) 64-Bit Server VM (25.25-b02 mixed mode bsd-amd64 compressed oops)
# Problematic frame:
# C  [libglass.dylib+0x163fd]  GlassScreenDidChangeScreenParameters+0x9d
#
# Failed to write core dump. Core dumps have been disabled. To enable core dumping, try "ulimit -c unlimited" before starting Java again
#
# If you would like to submit a bug report, please visit:
#   http://bugreport.sun.com/bugreport/crash.jsp
#

---------------  T H R E A D  ---------------

Current thread is native thread

siginfo: si_signo: 11 (SIGSEGV), si_code: 1 (SEGV_MAPERR), si_addr: 0x0000000000000000

Registers:
RAX=0x000000011a143e40, RBX=0x0000000000000000, RCX=0xd600d101c9b90791, RDX=0x00007fad0af38960
RSP=0x00007fff5f9a50f0, RBP=0x00007fff5f9a5100, RSI=0x00007fad0ae0bec8, RDI=0x0000000000000000
R8 =0x00007fff5f9a4fa0, R9 =0x00007fff7c778300, R10=0x0000000000000000, R11=0x0000000000000246
R12=0x00007fad0ad1f4e0, R13=0x00000000000f4268, R14=0x00007fad0af39850, R15=0x00007fff5f9a5240
RIP=0x000000011a1113fd, EFLAGS=0x0000000000010206, ERR=0x0000000000000004
  TRAPNO=0x000000000000000e

Top of Stack: (sp=0x00007fff5f9a50f0)
0x00007fff5f9a50f0:   00007fff5f9a52d0 00007fad0af39850
0x00007fff5f9a5100:   00007fff5f9a5110 00007fff96bb7cdc
0x00007fff5f9a5110:   00007fff5f9a5470 00007fff96aa9244
0x00007fff5f9a5120:   00007fff5f9a5170 0000000000000000
0x00007fff5f9a5130:   00007fff7c4e6cf0 00007fad0ae70530
0x00007fff5f9a5140:   0000000000001000 0000000000000288
0x00007fff5f9a5150:   00007fad0ae70530 00007fad0af39850
0x00007fff5f9a5160:   0000000000000000 00007fff5f9a5240
0x00007fff5f9a5170:   0000000000000000 00007fad0af39810
0x00007fff5f9a5180:   00007fff5f9a52c0 000000000000001b
0x00007fff5f9a5190:   00000000000f4290 00007fad0aeadad0
0x00007fff5f9a51a0:   00007fad0af216c0 00007fad0ad1f4e0
0x00007fff5f9a51b0:   0000000000000001 00000000000f4268
0x00007fff5f9a51c0:   00007fad0ad1f4d0 00007fff8b250acb
0x00007fff5f9a51d0:   0000000000000001 0000000000000001
0x00007fff5f9a51e0:   0000000000000030 0000000000000001
0x00007fff5f9a51f0:   0000000100275a00 0000000000000002
0x00007fff5f9a5200:   0000000100272000 00007fad0ae2e7f2
0x00007fff5f9a5210:   0000000000000004 0000000000000001
0x00007fff5f9a5220:   00003c030ae707a0 00007fad0ad1f504
0x00007fff5f9a5230:   0000000000000000 00007fff96a9ed1f
0x00007fff5f9a5240:   00007fad0af39850 00007fff7c4e4dd0
0x00007fff5f9a5250:   0000000100275a00 00007fff96aa784f
0x00007fff5f9a5260:   00007fff5f9a52d4 00000000001a0801
0x00007fff5f9a5270:   0000000100275a00 0000000000000002
0x00007fff5f9a5280:   0000000100272000 00007fad0ae2e7f2
0x00007fff5f9a5290:   0000000000000003 0000000100275a00
0x00007fff5f9a52a0:   00007fff5f9a5390 00007fff8b24f2a2
0x00007fff5f9a52b0:   000000000af20790 0000000100272000
0x00007fff5f9a52c0:   0000000000000017 0000000000000000
0x00007fff5f9a52d0:   00000000000f4268 00007fff96a9ffff
0x00007fff5f9a52e0:   00007fff00000000 0000000000000000 

Instructions: (pc=0x000000011a1113fd)
0x000000011a1113dd:   89 df 4c 89 f1 41 ff 90 68 04 00 00 48 8d 05 58
0x000000011a1113ed:   29 03 00 48 8b 30 48 8d 05 46 2a 03 00 48 8b 10
0x000000011a1113fd:   48 8b 0b 30 c0 48 89 df ff 91 68 04 00 00 48 8b
0x000000011a11140d:   03 48 89 df ff 50 78 48 85 c0 74 36 49 89 c6 48 

Register to memory mapping:

RAX=0x000000011a143e40: jScreenNotifySettingsChanged+0 in /Library/Java/JavaVirtualMachines/jdk1.8.0_25.jdk/Contents/Home/jre/lib/libglass.dylib at 0x000000011a0fb000
RBX=0x0000000000000000 is an unknown value
RCX=0xd600d101c9b90791 is an unknown value
RDX=0x00007fad0af38960 is an unknown value
RSP=0x00007fff5f9a50f0 is an unknown value
RBP=0x00007fff5f9a5100 is an unknown value
RSI=0x00007fad0ae0bec8 is a global jni handle
RDI=0x0000000000000000 is an unknown value
R8 =0x00007fff5f9a4fa0 is an unknown value
R9 =0x00007fff7c778300: _thread+0 in /usr/lib/system/libsystem_pthread.dylib at 0x00007fff98310000
R10=0x0000000000000000 is an unknown value
R11=0x0000000000000246 is an unknown value
R12=0x00007fad0ad1f4e0 is an unknown value
R13=0x00000000000f4268 is an unknown value
R14=0x00007fad0af39850 is an unknown value
R15=0x00007fff5f9a5240 is an unknown value


Stack: [0x00007fff5f1a8000,0x00007fff5f9a8000],  sp=0x00007fff5f9a50f0,  free space=8180k
Native frames: (J=compiled Java code, j=interpreted, Vv=VM code, C=native code)
C  [libglass.dylib+0x163fd]  GlassScreenDidChangeScreenParameters+0x9d
C  [CoreFoundation+0x11ecdc]  __CFNOTIFICATIONCENTER_IS_CALLING_OUT_TO_AN_OBSERVER__+0xc
C  [CoreFoundation+0x10244]  _CFXNotificationPost+0xc44
C  [Foundation+0x2c31]  -[NSNotificationCenter postNotificationName:object:userInfo:]+0x42
C  [AppKit+0x36305e]  -[NSApplication _reactToScreenInvalidationImmediately:]+0x17b
C  [AppKit+0x362e9d]  __44-[NSApplication _reactToScreenInvalidation:]_block_invoke+0x4b
C  [CoreFoundation+0x8056c]  __CFRUNLOOP_IS_CALLING_OUT_TO_A_BLOCK__+0xc
C  [CoreFoundation+0x72675]  __CFRunLoopDoBlocks+0x155
C  [CoreFoundation+0x721b6]  __CFRunLoopRun+0x716
C  [CoreFoundation+0x71858]  CFRunLoopRunSpecific+0x128
C  [java+0x56cc]  CreateExecutionEnvironment+0x367
C  [java+0x165c]  JLI_Launch+0x7a0
C  [java+0x768a]  main+0x65
C  [java+0xeb4]  start+0x34


---------------  P R O C E S S  ---------------

VM state:at safepoint (normal execution)

VM Mutex/Monitor currently owned by a thread:  ([mutex/lock_event])
[0x00007fad0ae02d60] Threads_lock - owner thread: 0x00007fad0c82a000

Heap:
 PSYoungGen      total 38400K, used 13831K [0x0000000795580000, 0x0000000798000000, 0x00000007c0000000)
  eden space 33280K, 41% used [0x0000000795580000,0x0000000796301f70,0x0000000797600000)
  from space 5120K, 0% used [0x0000000797b00000,0x0000000797b00000,0x0000000798000000)
  to   space 5120K, 0% used [0x0000000797600000,0x0000000797600000,0x0000000797b00000)
 ParOldGen       total 87552K, used 0K [0x0000000740000000, 0x0000000745580000, 0x0000000795580000)
  object space 87552K, 0% used [0x0000000740000000,0x0000000740000000,0x0000000745580000)
 Metaspace       used 7791K, capacity 8028K, committed 8192K, reserved 1056768K
  class space    used 925K, capacity 999K, committed 1024K, reserved 1048576K

Card table byte_map: [0x0000000110fdf000,0x00000001113e0000] byte_map_base: 0x000000010d5df000

Marking Bits: (ParMarkBitMap*) 0x000000010149d390
 Begin Bits: [0x0000000111a97000, 0x0000000113a97000)
 End Bits:   [0x0000000113a97000, 0x0000000115a97000)

Polling page: 0x00000001003af000

CodeCache: size=245760Kb used=2271Kb max_used=2283Kb free=243488Kb
 bounds [0x0000000101c1f000, 0x0000000101e8f000, 0x0000000110c1f000]
 total_blobs=902 nmethods=516 adapters=301
 compilation: enabled

Compilation events (10 events):
Event: 0.714 Thread 0x00007fad0b832000  515       4       java.lang.AbstractStringBuilder::append (50 bytes)
Event: 0.714 Thread 0x00007fad0c87d000 nmethod 512 0x0000000101e566d0 code [0x0000000101e568e0, 0x0000000101e57458]
Event: 0.714 Thread 0x00007fad0c005000 nmethod 510 0x0000000101e4c610 code [0x0000000101e4c760, 0x0000000101e4cb88]
Event: 0.714 Thread 0x00007fad0c87d000  513       3       java.util.StringTokenizer::scanToken (179 bytes)
Event: 0.716 Thread 0x00007fad0c87d000 nmethod 513 0x0000000101e525d0 code [0x0000000101e52860, 0x0000000101e53b18]
Event: 0.716 Thread 0x00007fad0c87d000  514       3       java.util.StringTokenizer::nextToken (92 bytes)
Event: 0.717 Thread 0x00007fad0c87d000 nmethod 514 0x0000000101e51e90 code [0x0000000101e52040, 0x0000000101e52458]
Event: 0.717 Thread 0x00007fad0c87d000  516       3       sun.misc.URLClassPath::getResource (74 bytes)
Event: 0.718 Thread 0x00007fad0c87d000 nmethod 516 0x0000000101e56050 code [0x0000000101e561e0, 0x0000000101e56558]
Event: 0.721 Thread 0x00007fad0b832000 nmethod 515 0x0000000101e5a8d0 code [0x0000000101e5aa40, 0x0000000101e5ae18]

GC Heap History (0 events):
No events

Deoptimization events (0 events):
No events

Internal exceptions (10 events):
Event: 0.708 Thread 0x00007fad0c804000 Exception <a 'java/security/PrivilegedActionException'> (0x0000000796282e98) thrown at [/HUDSON3/workspace/8-2-build-macosx-x86_64/jdk8u25/1514/hotspot/src/share/vm/prims/jvm.cpp, line 1312]
Event: 0.708 Thread 0x00007fad0c804000 Exception <a 'java/security/PrivilegedActionException'> (0x0000000796284350) thrown at [/HUDSON3/workspace/8-2-build-macosx-x86_64/jdk8u25/1514/hotspot/src/share/vm/prims/jvm.cpp, line 1312]
Event: 0.709 Thread 0x00007fad0c804000 Exception <a 'java/security/PrivilegedActionException'> (0x000000079628a338) thrown at [/HUDSON3/workspace/8-2-build-macosx-x86_64/jdk8u25/1514/hotspot/src/share/vm/prims/jvm.cpp, line 1312]
Event: 0.709 Thread 0x00007fad0c804000 Exception <a 'java/security/PrivilegedActionException'> (0x000000079628b810) thrown at [/HUDSON3/workspace/8-2-build-macosx-x86_64/jdk8u25/1514/hotspot/src/share/vm/prims/jvm.cpp, line 1312]
Event: 0.715 Thread 0x00007fad0c804000 Exception <a 'java/security/PrivilegedActionException'> (0x00000007962a0428) thrown at [/HUDSON3/workspace/8-2-build-macosx-x86_64/jdk8u25/1514/hotspot/src/share/vm/prims/jvm.cpp, line 1312]
Event: 0.716 Thread 0x00007fad0c804000 Exception <a 'java/security/PrivilegedActionException'> (0x00000007962a1900) thrown at [/HUDSON3/workspace/8-2-build-macosx-x86_64/jdk8u25/1514/hotspot/src/share/vm/prims/jvm.cpp, line 1312]
Event: 0.716 Thread 0x00007fad0c804000 Exception <a 'java/security/PrivilegedActionException'> (0x00000007962a4e30) thrown at [/HUDSON3/workspace/8-2-build-macosx-x86_64/jdk8u25/1514/hotspot/src/share/vm/prims/jvm.cpp, line 1312]
Event: 0.716 Thread 0x00007fad0c804000 Exception <a 'java/security/PrivilegedActionException'> (0x00000007962a6308) thrown at [/HUDSON3/workspace/8-2-build-macosx-x86_64/jdk8u25/1514/hotspot/src/share/vm/prims/jvm.cpp, line 1312]
Event: 0.718 Thread 0x00007fad0c804000 Exception <a 'java/security/PrivilegedActionException'> (0x00000007962ac068) thrown at [/HUDSON3/workspace/8-2-build-macosx-x86_64/jdk8u25/1514/hotspot/src/share/vm/prims/jvm.cpp, line 1312]
Event: 0.718 Thread 0x00007fad0c804000 Exception <a 'java/security/PrivilegedActionException'> (0x00000007962ad5a0) thrown at [/HUDSON3/workspace/8-2-build-macosx-x86_64/jdk8u25/1514/hotspot/src/share/vm/prims/jvm.cpp, line 1312]

Events (10 events):
Event: 0.720 loading class java/util/Formatter$Flags done
Event: 0.720 loading class java/util/Formatter$Conversion
Event: 0.720 loading class java/util/Formatter$Conversion done
Event: 0.720 loading class java/util/Formattable
Event: 0.720 loading class java/util/Formattable done
Event: 0.720 loading class java/util/IdentityHashMap$KeyIterator
Event: 0.720 loading class java/util/IdentityHashMap$IdentityHashMapIterator
Event: 0.721 loading class java/util/IdentityHashMap$IdentityHashMapIterator done
Event: 0.721 loading class java/util/IdentityHashMap$KeyIterator done
Event: 0.721 Executing VM operation: Exit


Dynamic libraries:
0x000000000a719000 	/System/Library/Frameworks/Cocoa.framework/Versions/A/Cocoa
0x000000000a719000 	/System/Library/Frameworks/Security.framework/Versions/A/Security
0x000000000a719000 	/System/Library/Frameworks/ApplicationServices.framework/Versions/A/ApplicationServices
0x000000000a719000 	/usr/lib/libz.1.dylib
0x000000000a719000 	/usr/lib/libSystem.B.dylib
0x000000000a719000 	/usr/lib/libobjc.A.dylib
0x000000000a719000 	/System/Library/Frameworks/CoreFoundation.framework/Versions/A/CoreFoundation
0x000000000a719000 	/System/Library/Frameworks/Foundation.framework/Versions/C/Foundation
0x000000000a719000 	/System/Library/Frameworks/AppKit.framework/Versions/C/AppKit
0x000000000a719000 	/System/Library/Frameworks/CoreData.framework/Versions/A/CoreData
0x000000000a719000 	/System/Library/PrivateFrameworks/RemoteViewServices.framework/Versions/A/RemoteViewServices
0x000000000a719000 	/System/Library/PrivateFrameworks/UIFoundation.framework/Versions/A/UIFoundation
0x000000000a719000 	/System/Library/Frameworks/IOSurface.framework/Versions/A/IOSurface
0x000000000a719000 	/System/Library/Frameworks/AudioToolbox.framework/Versions/A/AudioToolbox
0x000000000a719000 	/System/Library/Frameworks/AudioUnit.framework/Versions/A/AudioUnit
0x000000000a719000 	/System/Library/PrivateFrameworks/DataDetectorsCore.framework/Versions/A/DataDetectorsCore
0x000000000a719000 	/System/Library/PrivateFrameworks/DesktopServicesPriv.framework/Versions/A/DesktopServicesPriv
0x000000000a719000 	/System/Library/Frameworks/Carbon.framework/Versions/A/Frameworks/HIToolbox.framework/Versions/A/HIToolbox
0x000000000a719000 	/System/Library/Frameworks/QuartzCore.framework/Versions/A/QuartzCore
0x000000000a719000 	/System/Library/Frameworks/Carbon.framework/Versions/A/Frameworks/SpeechRecognition.framework/Versions/A/SpeechRecognition
0x000000000a719000 	/usr/lib/libauto.dylib
0x000000000a719000 	/usr/lib/libicucore.A.dylib
0x000000000a719000 	/usr/lib/libxml2.2.dylib
0x000000000a719000 	/System/Library/PrivateFrameworks/CoreUI.framework/Versions/A/CoreUI
0x000000000a719000 	/System/Library/Frameworks/CoreAudio.framework/Versions/A/CoreAudio
0x000000000a719000 	/System/Library/Frameworks/DiskArbitration.framework/Versions/A/DiskArbitration
0x000000000a719000 	/usr/lib/liblangid.dylib
0x000000000a719000 	/System/Library/PrivateFrameworks/MultitouchSupport.framework/Versions/A/MultitouchSupport
0x000000000a719000 	/System/Library/Frameworks/IOKit.framework/Versions/A/IOKit
0x000000000a719000 	/usr/lib/libDiagnosticMessagesClient.dylib
0x000000000a719000 	/System/Library/Frameworks/CoreServices.framework/Versions/A/CoreServices
0x000000000a719000 	/System/Library/PrivateFrameworks/PerformanceAnalysis.framework/Versions/A/PerformanceAnalysis
0x000000000a719000 	/System/Library/PrivateFrameworks/GenerationalStorage.framework/Versions/A/GenerationalStorage
0x000000000a719000 	/System/Library/Frameworks/OpenGL.framework/Versions/A/OpenGL
0x000000000a719000 	/System/Library/PrivateFrameworks/Sharing.framework/Versions/A/Sharing
0x000000000a719000 	/System/Library/Frameworks/CoreGraphics.framework/Versions/A/CoreGraphics
0x000000000a719000 	/System/Library/Frameworks/CoreText.framework/Versions/A/CoreText
0x000000000a719000 	/System/Library/Frameworks/ImageIO.framework/Versions/A/ImageIO
0x000000000a719000 	/usr/lib/libextension.dylib
0x000000000a719000 	/System/Library/PrivateFrameworks/Backup.framework/Versions/A/Backup
0x000000000a719000 	/usr/lib/libarchive.2.dylib
0x000000000a719000 	/System/Library/Frameworks/CFNetwork.framework/Versions/A/CFNetwork
0x000000000a719000 	/System/Library/Frameworks/SystemConfiguration.framework/Versions/A/SystemConfiguration
0x000000000a719000 	/usr/lib/libCRFSuite.dylib
0x000000000a719000 	/usr/lib/libc++.1.dylib
0x000000000a719000 	/usr/lib/libc++abi.dylib
0x000000000a719000 	/usr/lib/system/libcache.dylib
0x000000000a719000 	/usr/lib/system/libcommonCrypto.dylib
0x000000000a719000 	/usr/lib/system/libcompiler_rt.dylib
0x000000000a719000 	/usr/lib/system/libcopyfile.dylib
0x000000000a719000 	/usr/lib/system/libcorecrypto.dylib
0x000000000a719000 	/usr/lib/system/libdispatch.dylib
0x000000000a719000 	/usr/lib/system/libdyld.dylib
0x000000000a719000 	/usr/lib/system/libkeymgr.dylib
0x000000000a719000 	/usr/lib/system/liblaunch.dylib
0x000000000a719000 	/usr/lib/system/libmacho.dylib
0x000000000a719000 	/usr/lib/system/libquarantine.dylib
0x000000000a719000 	/usr/lib/system/libremovefile.dylib
0x000000000a719000 	/usr/lib/system/libsystem_asl.dylib
0x000000000a719000 	/usr/lib/system/libsystem_blocks.dylib
0x000000000a719000 	/usr/lib/system/libsystem_c.dylib
0x000000000a719000 	/usr/lib/system/libsystem_configuration.dylib
0x000000000a719000 	/usr/lib/system/libsystem_coreservices.dylib
0x000000000a719000 	/usr/lib/system/libsystem_coretls.dylib
0x000000000a719000 	/usr/lib/system/libsystem_dnssd.dylib
0x000000000a719000 	/usr/lib/system/libsystem_info.dylib
0x000000000a719000 	/usr/lib/system/libsystem_kernel.dylib
0x000000000a719000 	/usr/lib/system/libsystem_m.dylib
0x000000000a719000 	/usr/lib/system/libsystem_malloc.dylib
0x000000000a719000 	/usr/lib/system/libsystem_network.dylib
0x000000000a719000 	/usr/lib/system/libsystem_networkextension.dylib
0x000000000a719000 	/usr/lib/system/libsystem_notify.dylib
0x000000000a719000 	/usr/lib/system/libsystem_platform.dylib
0x000000000a719000 	/usr/lib/system/libsystem_pthread.dylib
0x000000000a719000 	/usr/lib/system/libsystem_sandbox.dylib
0x000000000a719000 	/usr/lib/system/libsystem_secinit.dylib
0x000000000a719000 	/usr/lib/system/libsystem_stats.dylib
0x000000000a719000 	/usr/lib/system/libsystem_trace.dylib
0x000000000a719000 	/usr/lib/system/libunc.dylib
0x000000000a719000 	/usr/lib/system/libunwind.dylib
0x000000000a719000 	/usr/lib/system/libxpc.dylib
0x000000000a719000 	/usr/lib/libbz2.1.0.dylib
0x000000000a719000 	/usr/lib/liblzma.5.dylib
0x000000000a719000 	/usr/lib/libbsm.0.dylib
0x000000000a719000 	/usr/lib/libsqlite3.dylib
0x000000000a719000 	/usr/lib/system/libkxld.dylib
0x000000000a719000 	/usr/lib/libxar.1.dylib
0x000000000a719000 	/usr/lib/libpam.2.dylib
0x000000000a719000 	/usr/lib/libOpenScriptingUtil.dylib
0x000000000a719000 	/System/Library/Frameworks/CoreServices.framework/Versions/A/Frameworks/FSEvents.framework/Versions/A/FSEvents
0x000000000a719000 	/System/Library/Frameworks/CoreServices.framework/Versions/A/Frameworks/CarbonCore.framework/Versions/A/CarbonCore
0x000000000a719000 	/System/Library/Frameworks/CoreServices.framework/Versions/A/Frameworks/Metadata.framework/Versions/A/Metadata
0x000000000a719000 	/System/Library/Frameworks/CoreServices.framework/Versions/A/Frameworks/OSServices.framework/Versions/A/OSServices
0x000000000a719000 	/System/Library/Frameworks/CoreServices.framework/Versions/A/Frameworks/SearchKit.framework/Versions/A/SearchKit
0x000000000a719000 	/System/Library/Frameworks/CoreServices.framework/Versions/A/Frameworks/AE.framework/Versions/A/AE
0x000000000a719000 	/System/Library/Frameworks/CoreServices.framework/Versions/A/Frameworks/LaunchServices.framework/Versions/A/LaunchServices
0x000000000a719000 	/System/Library/Frameworks/CoreServices.framework/Versions/A/Frameworks/DictionaryServices.framework/Versions/A/DictionaryServices
0x000000000a719000 	/System/Library/Frameworks/NetFS.framework/Versions/A/NetFS
0x000000000a719000 	/System/Library/PrivateFrameworks/NetAuth.framework/Versions/A/NetAuth
0x000000000a719000 	/System/Library/PrivateFrameworks/login.framework/Versions/A/Frameworks/loginsupport.framework/Versions/A/loginsupport
0x000000000a719000 	/System/Library/PrivateFrameworks/TCC.framework/Versions/A/TCC
0x000000000a719000 	/usr/lib/libmecabra.dylib
0x000000000a719000 	/System/Library/Frameworks/ApplicationServices.framework/Versions/A/Frameworks/ATS.framework/Versions/A/ATS
0x000000000a719000 	/System/Library/Frameworks/ApplicationServices.framework/Versions/A/Frameworks/ColorSync.framework/Versions/A/ColorSync
0x000000000a719000 	/System/Library/Frameworks/ApplicationServices.framework/Versions/A/Frameworks/HIServices.framework/Versions/A/HIServices
0x000000000a719000 	/System/Library/Frameworks/ApplicationServices.framework/Versions/A/Frameworks/LangAnalysis.framework/Versions/A/LangAnalysis
0x000000000a719000 	/System/Library/Frameworks/ApplicationServices.framework/Versions/A/Frameworks/PrintCore.framework/Versions/A/PrintCore
0x000000000a719000 	/System/Library/Frameworks/ApplicationServices.framework/Versions/A/Frameworks/QD.framework/Versions/A/QD
0x000000000a719000 	/System/Library/Frameworks/ApplicationServices.framework/Versions/A/Frameworks/SpeechSynthesis.framework/Versions/A/SpeechSynthesis
0x000000000a719000 	/System/Library/Frameworks/Accelerate.framework/Versions/A/Accelerate
0x000000000a719000 	/System/Library/Frameworks/Accelerate.framework/Versions/A/Frameworks/vImage.framework/Versions/A/vImage
0x000000000a719000 	/System/Library/Frameworks/Accelerate.framework/Versions/A/Frameworks/vecLib.framework/Versions/A/vecLib
0x000000000a719000 	/System/Library/Frameworks/Accelerate.framework/Versions/A/Frameworks/vecLib.framework/Versions/A/libvDSP.dylib
0x000000000a719000 	/System/Library/Frameworks/Accelerate.framework/Versions/A/Frameworks/vecLib.framework/Versions/A/libvMisc.dylib
0x000000000a719000 	/System/Library/Frameworks/Accelerate.framework/Versions/A/Frameworks/vecLib.framework/Versions/A/libLAPACK.dylib
0x000000000a719000 	/System/Library/Frameworks/Accelerate.framework/Versions/A/Frameworks/vecLib.framework/Versions/A/libBLAS.dylib
0x000000000a719000 	/System/Library/Frameworks/Accelerate.framework/Versions/A/Frameworks/vecLib.framework/Versions/A/libLinearAlgebra.dylib
0x000000000a719000 	/System/Library/Frameworks/ApplicationServices.framework/Versions/A/Frameworks/ATS.framework/Versions/A/Resources/libFontParser.dylib
0x000000000a719000 	/System/Library/Frameworks/ApplicationServices.framework/Versions/A/Frameworks/ATS.framework/Versions/A/Resources/libFontRegistry.dylib
0x000000000a719000 	/System/Library/PrivateFrameworks/AppleVPA.framework/Versions/A/AppleVPA
0x000000000a719000 	/System/Library/PrivateFrameworks/AppleJPEG.framework/Versions/A/AppleJPEG
0x000000000a719000 	/System/Library/Frameworks/ImageIO.framework/Versions/A/Resources/libJPEG.dylib
0x000000000a719000 	/System/Library/Frameworks/ImageIO.framework/Versions/A/Resources/libTIFF.dylib
0x000000000a719000 	/System/Library/Frameworks/ImageIO.framework/Versions/A/Resources/libPng.dylib
0x000000000a719000 	/System/Library/Frameworks/ImageIO.framework/Versions/A/Resources/libGIF.dylib
0x000000000a719000 	/System/Library/Frameworks/ImageIO.framework/Versions/A/Resources/libJP2.dylib
0x000000000a719000 	/System/Library/Frameworks/ImageIO.framework/Versions/A/Resources/libRadiance.dylib
0x000000000a719000 	/System/Library/Frameworks/CoreVideo.framework/Versions/A/CoreVideo
0x000000000a719000 	/System/Library/Frameworks/OpenGL.framework/Versions/A/Libraries/libGLU.dylib
0x000000000a719000 	/System/Library/Frameworks/OpenGL.framework/Versions/A/Libraries/libGFXShared.dylib
0x000000000a719000 	/System/Library/Frameworks/OpenGL.framework/Versions/A/Libraries/libGL.dylib
0x000000000a719000 	/System/Library/Frameworks/OpenGL.framework/Versions/A/Libraries/libGLImage.dylib
0x000000000a719000 	/System/Library/Frameworks/OpenGL.framework/Versions/A/Libraries/libCVMSPluginSupport.dylib
0x000000000a719000 	/System/Library/Frameworks/OpenGL.framework/Versions/A/Libraries/libCoreVMClient.dylib
0x000000000a719000 	/usr/lib/libcups.2.dylib
0x000000000a719000 	/System/Library/Frameworks/Kerberos.framework/Versions/A/Kerberos
0x000000000a719000 	/System/Library/Frameworks/GSS.framework/Versions/A/GSS
0x000000000a719000 	/usr/lib/libresolv.9.dylib
0x000000000a719000 	/usr/lib/libiconv.2.dylib
0x000000000a719000 	/System/Library/PrivateFrameworks/Heimdal.framework/Versions/A/Heimdal
0x000000000a719000 	/usr/lib/libheimdal-asn1.dylib
0x000000000a719000 	/System/Library/Frameworks/OpenDirectory.framework/Versions/A/OpenDirectory
0x000000000a719000 	/System/Library/PrivateFrameworks/CommonAuth.framework/Versions/A/CommonAuth
0x000000000a719000 	/System/Library/Frameworks/OpenDirectory.framework/Versions/A/Frameworks/CFOpenDirectory.framework/Versions/A/CFOpenDirectory
0x000000000a719000 	/System/Library/Frameworks/SecurityFoundation.framework/Versions/A/SecurityFoundation
0x000000000a719000 	/System/Library/PrivateFrameworks/LanguageModeling.framework/Versions/A/LanguageModeling
0x000000000a719000 	/usr/lib/libcmph.dylib
0x000000000a719000 	/System/Library/Frameworks/ServiceManagement.framework/Versions/A/ServiceManagement
0x000000000a719000 	/usr/lib/libxslt.1.dylib
0x000000000a719000 	/System/Library/Frameworks/Carbon.framework/Versions/A/Frameworks/Ink.framework/Versions/A/Ink
0x000000000a719000 	/System/Library/Frameworks/QuartzCore.framework/Versions/A/Frameworks/CoreImage.framework/Versions/A/CoreImage
0x000000000a719000 	/System/Library/PrivateFrameworks/CrashReporterSupport.framework/Versions/A/CrashReporterSupport
0x000000000a719000 	/System/Library/Frameworks/OpenCL.framework/Versions/A/OpenCL
0x000000000a719000 	/System/Library/PrivateFrameworks/FaceCore.framework/Versions/A/FaceCore
0x000000000a719000 	/System/Library/PrivateFrameworks/Ubiquity.framework/Versions/A/Ubiquity
0x000000000a719000 	/System/Library/PrivateFrameworks/IconServices.framework/Versions/A/IconServices
0x000000000a719000 	/System/Library/PrivateFrameworks/ChunkingLibrary.framework/Versions/A/ChunkingLibrary
0x000000000a719000 	/System/Library/PrivateFrameworks/Apple80211.framework/Versions/A/Apple80211
0x000000000a719000 	/System/Library/Frameworks/CoreWLAN.framework/Versions/A/CoreWLAN
0x000000000a719000 	/System/Library/Frameworks/IOBluetooth.framework/Versions/A/IOBluetooth
0x000000000a719000 	/System/Library/PrivateFrameworks/CoreWiFi.framework/Versions/A/CoreWiFi
0x000000000a719000 	/System/Library/Frameworks/CoreBluetooth.framework/Versions/A/CoreBluetooth
0x000000000a719000 	/System/Library/PrivateFrameworks/DebugSymbols.framework/Versions/A/DebugSymbols
0x000000000a719000 	/System/Library/PrivateFrameworks/CoreSymbolication.framework/Versions/A/CoreSymbolication
0x000000000a719000 	/System/Library/PrivateFrameworks/Symbolication.framework/Versions/A/Symbolication
0x000000000a719000 	/System/Library/PrivateFrameworks/SpeechRecognitionCore.framework/Versions/A/SpeechRecognitionCore
0x0000000100c00000 	/Library/Java/JavaVirtualMachines/jdk1.8.0_25.jdk/Contents/Home/jre/lib/server/libjvm.dylib
0x000000000a719000 	/usr/lib/libstdc++.6.dylib
0x000000010036d000 	/Library/Java/JavaVirtualMachines/jdk1.8.0_25.jdk/Contents/Home/jre/lib/libverify.dylib
0x000000010037b000 	/Library/Java/JavaVirtualMachines/jdk1.8.0_25.jdk/Contents/Home/jre/lib/libjava.dylib
0x00000001003b9000 	/Library/Java/JavaVirtualMachines/jdk1.8.0_25.jdk/Contents/Home/jre/lib/libzip.dylib
0x0000000117c6b000 	/System/Library/Frameworks/JavaVM.framework/Frameworks/JavaRuntimeSupport.framework/JavaRuntimeSupport
0x00000001003eb000 	/System/Library/Frameworks/JavaVM.framework/Versions/A/Frameworks/JavaNativeFoundation.framework/Versions/A/JavaNativeFoundation
0x0000000117c81000 	/System/Library/Frameworks/JavaVM.framework/Versions/A/JavaVM
0x000000000a719000 	/System/Library/Frameworks/Carbon.framework/Versions/A/Carbon
0x0000000117c8d000 	/System/Library/PrivateFrameworks/JavaLaunching.framework/Versions/A/JavaLaunching
0x000000000a719000 	/System/Library/Frameworks/Carbon.framework/Versions/A/Frameworks/CommonPanels.framework/Versions/A/CommonPanels
0x000000000a719000 	/System/Library/Frameworks/Carbon.framework/Versions/A/Frameworks/Help.framework/Versions/A/Help
0x000000000a719000 	/System/Library/Frameworks/Carbon.framework/Versions/A/Frameworks/ImageCapture.framework/Versions/A/ImageCapture
0x000000000a719000 	/System/Library/Frameworks/Carbon.framework/Versions/A/Frameworks/OpenScripting.framework/Versions/A/OpenScripting
0x000000000a719000 	/System/Library/Frameworks/Carbon.framework/Versions/A/Frameworks/Print.framework/Versions/A/Print
0x000000000a719000 	/System/Library/Frameworks/Carbon.framework/Versions/A/Frameworks/SecurityHI.framework/Versions/A/SecurityHI
0x0000000119bcc000 	/Library/Java/JavaVirtualMachines/jdk1.8.0_25.jdk/Contents/Home/jre/lib/libprism_es2.dylib
0x000000000a719000 	/System/Library/Frameworks/OpenGL.framework/Versions/A/Resources/GLEngine.bundle/GLEngine
0x000000000a719000 	/System/Library/Frameworks/OpenGL.framework/Versions/A/Libraries/libGLProgrammability.dylib
0x0000000000000000 	/System/Library/Extensions/AppleIntelHD4000GraphicsGLDriver.bundle/Contents/MacOS/AppleIntelHD4000GraphicsGLDriver
0x000000000a719000 	/System/Library/PrivateFrameworks/IOAccelerator.framework/Versions/A/IOAccelerator
0x000000000a719000 	/System/Library/PrivateFrameworks/GPUSupport.framework/Versions/A/Libraries/libGPUSupportMercury.dylib
0x000000000a719000 	/System/Library/Frameworks/OpenGL.framework/Versions/A/Resources/GLRendererFloat.bundle/GLRendererFloat
0x000000000a719000 	/System/Library/Frameworks/OpenCL.framework/Versions/A/Libraries/libcldcpuengine.dylib
0x000000000a719000 	/System/Library/PrivateFrameworks/DiskImages.framework/Versions/A/DiskImages
0x000000000a719000 	/System/Library/Frameworks/DiscRecording.framework/Versions/A/DiscRecording
0x000000000a719000 	/usr/lib/libcsfde.dylib
0x000000000a719000 	/usr/lib/libcurl.4.dylib
0x000000000a719000 	/System/Library/PrivateFrameworks/MediaKit.framework/Versions/A/MediaKit
0x000000000a719000 	/System/Library/PrivateFrameworks/ProtectedCloudStorage.framework/Versions/A/ProtectedCloudStorage
0x000000000a719000 	/usr/lib/libCoreStorage.dylib
0x000000000a719000 	/System/Library/PrivateFrameworks/EFILogin.framework/Versions/A/EFILogin
0x000000000a719000 	/usr/lib/libutil.dylib
0x000000000a719000 	/System/Library/PrivateFrameworks/FindMyDevice.framework/Versions/A/FindMyDevice
0x000000000a719000 	/System/Library/Frameworks/LDAP.framework/Versions/A/LDAP
0x000000000a719000 	/usr/lib/libsasl2.2.dylib
0x000000000a719000 	/System/Library/PrivateFrameworks/CoreDaemon.framework/Versions/B/CoreDaemon
0x000000000a719000 	/usr/lib/libcrypto.0.9.8.dylib
0x000000000a719000 	/System/Library/PrivateFrameworks/AppleSRP.framework/Versions/A/AppleSRP
0x000000000a719000 	/System/Library/PrivateFrameworks/TrustEvaluationAgent.framework/Versions/A/TrustEvaluationAgent
0x000000011a0fb000 	/Library/Java/JavaVirtualMachines/jdk1.8.0_25.jdk/Contents/Home/jre/lib/libglass.dylib
0x000000000a719000 	/System/Library/PrivateFrameworks/CoreServicesInternal.framework/Versions/A/CoreServicesInternal
0x000000000a719000 	/System/Library/PrivateFrameworks/CloudDocs.framework/Versions/A/CloudDocs
0x000000000a719000 	/System/Library/PrivateFrameworks/CoreDuet.framework/Versions/A/CoreDuet
0x000000000a719000 	/System/Library/Frameworks/CloudKit.framework/Versions/A/CloudKit
0x000000000a719000 	/System/Library/PrivateFrameworks/ProtocolBuffer.framework/Versions/A/ProtocolBuffer
0x000000000a719000 	/System/Library/PrivateFrameworks/CoreDuetDaemonProtocol.framework/Versions/A/CoreDuetDaemonProtocol
0x000000000a719000 	/System/Library/PrivateFrameworks/CoreDuetDebugLogging.framework/Versions/A/CoreDuetDebugLogging
0x000000000a719000 	/System/Library/Frameworks/CoreLocation.framework/Versions/A/CoreLocation
0x000000000a719000 	/System/Library/Frameworks/Accounts.framework/Versions/A/Accounts
0x000000000a719000 	/System/Library/PrivateFrameworks/ApplePushService.framework/Versions/A/ApplePushService
0x000000000a719000 	/System/Library/PrivateFrameworks/GeoServices.framework/Versions/A/GeoServices
0x000000000a719000 	/System/Library/PrivateFrameworks/OAuth.framework/Versions/A/OAuth
0x000000000a719000 	/System/Library/Frameworks/CoreGraphics.framework/Versions/A/Resources/libCGCMS.A.dylib
0x000000000a719000 	/System/Library/CoreServices/RawCamera.bundle/Contents/MacOS/RawCamera
0x000000000a719000 	/System/Library/Frameworks/CoreGraphics.framework/Versions/A/Resources/libRIP.A.dylib
0x000000000a719000 	/System/Library/PrivateFrameworks/FamilyControls.framework/Versions/A/FamilyControls
0x000000000a719000 	/System/Library/PrivateFrameworks/CommerceKit.framework/Versions/A/Frameworks/CommerceCore.framework/Versions/A/CommerceCore
0x000000000a719000 	/System/Library/PrivateFrameworks/SystemAdministration.framework/Versions/A/SystemAdministration
0x000000000a719000 	/System/Library/PrivateFrameworks/AppContainer.framework/Versions/A/AppContainer
0x000000000a719000 	/System/Library/PrivateFrameworks/SecCodeWrapper.framework/Versions/A/SecCodeWrapper
0x000000000a719000 	/System/Library/Frameworks/DirectoryService.framework/Versions/A/DirectoryService
0x000000000a719000 	/System/Library/PrivateFrameworks/LoginUIKit.framework/Versions/A/Frameworks/LoginUICore.framework/Versions/A/LoginUICore
0x000000000a719000 	/usr/lib/libodfde.dylib
0x000000000a719000 	/System/Library/Frameworks/CoreGraphics.framework/Versions/A/Resources/libCGXType.A.dylib
0x000000011ea51000 	cl_kernels
0x000000011ea53000 	/System/Library/Frameworks/OpenCL.framework/Versions/A/Libraries/ImageFormats/unorm8_bgra.dylib
0x000000011ea42000 	cl_kernels

VM Arguments:
jvm_args: -Dfile.encoding=UTF-8 
java_command: login.Loginmain
java_class_path (initial): /Users/birkottesen/Documents/workspace/Fellesprosjektet/bin
Launcher Type: SUN_STANDARD

Environment Variables:
PATH=/usr/bin:/bin:/usr/sbin:/sbin
SHELL=/bin/bash
DISPLAY=/private/tmp/com.apple.launchd.v3wnRiLaPt/org.macosforge.xquartz:0

Signal Handlers:
SIGSEGV: [libjvm.dylib+0x579dc7], sa_mask[0]=11111111011111110111111111111111, sa_flags=SA_ONSTACK|SA_RESTART|SA_SIGINFO
SIGBUS: [libjvm.dylib+0x579dc7], sa_mask[0]=11111111011111110111111111111111, sa_flags=SA_RESTART|SA_SIGINFO
SIGFPE: [libjvm.dylib+0x45b030], sa_mask[0]=11111111011111110111111111111111, sa_flags=SA_RESTART|SA_SIGINFO
SIGPIPE: [libjvm.dylib+0x45b030], sa_mask[0]=11111111011111110111111111111111, sa_flags=SA_RESTART|SA_SIGINFO
SIGXFSZ: [libjvm.dylib+0x45b030], sa_mask[0]=11111111011111110111111111111111, sa_flags=SA_RESTART|SA_SIGINFO
SIGILL: [libjvm.dylib+0x45b030], sa_mask[0]=11111111011111110111111111111111, sa_flags=SA_RESTART|SA_SIGINFO
SIGUSR1: SIG_DFL, sa_mask[0]=00000000000000000000000000000000, sa_flags=none
SIGUSR2: [libjvm.dylib+0x45ab4e], sa_mask[0]=00100000000000000000000000000000, sa_flags=SA_RESTART|SA_SIGINFO
SIGHUP: [libjvm.dylib+0x459121], sa_mask[0]=11111111011111110111111111111111, sa_flags=SA_RESTART|SA_SIGINFO
SIGINT: [libjvm.dylib+0x459121], sa_mask[0]=11111111011111110111111111111111, sa_flags=SA_RESTART|SA_SIGINFO
SIGTERM: [libjvm.dylib+0x459121], sa_mask[0]=11111111011111110111111111111111, sa_flags=SA_RESTART|SA_SIGINFO
SIGQUIT: [libjvm.dylib+0x459121], sa_mask[0]=11111111011111110111111111111111, sa_flags=SA_RESTART|SA_SIGINFO


---------------  S Y S T E M  ---------------

OS:Bsduname:Darwin 14.1.0 Darwin Kernel Version 14.1.0: Mon Dec 22 23:10:38 PST 2014; root:xnu-2782.10.72~2/RELEASE_X86_64 x86_64
rlimit: STACK 8192k, CORE 0k, NPROC 709, NOFILE 10240, AS infinity
load average:3.48 3.91 3.74

CPU:total 4 (2 cores per cpu, 2 threads per core) family 6 model 58 stepping 9, cmov, cx8, fxsr, mmx, sse, sse2, sse3, ssse3, sse4.1, sse4.2, popcnt, avx, aes, clmul, erms, ht, tsc, tscinvbit, tscinv

Memory: 4k page, physical 8388608k(55784k free)

/proc/meminfo:


vm_info: Java HotSpot(TM) 64-Bit Server VM (25.25-b02) for bsd-amd64 JRE (1.8.0_25-b17), built on Sep 17 2014 16:56:50 by "java_re" with gcc 4.2.1 (Based on Apple Inc. build 5658) (LLVM build 2336.11.00)

time: Tue Feb 24 15:12:38 2015
elapsed time: 0 seconds (0d 0h 0m 0s)

